
> page-builder@1.0.0 build D:\FOSS-page-builder\page-builder
> rollup -c && node script/fix-imports.js && npm run copy-assets

[36m
[1msrc/index.ts[22m → [1mdist/index.js[22m...[39m
[1m[33m(!) Circular dependencies[39m[22m
src/canvas/Canvas.ts -> src/templates/UserPortfolioTemplate.ts -> src/components/index.ts -> src/components/ContainerComponent.ts -> src/canvas/Canvas.ts
src/canvas/Canvas.ts -> src/templates/UserPortfolioTemplate.ts -> src/components/index.ts -> src/components/TwoColumnContainer.ts -> src/services/MultiColumnContainer.ts -> src/canvas/Canvas.ts
src/canvas/Canvas.ts -> src/services/HistoryManager.ts -> src/canvas/Canvas.ts
src/canvas/Canvas.ts -> src/sidebar/CustomizationSidebar.ts -> src/canvas/Canvas.ts
src/canvas/Canvas.ts -> src/sidebar/CustomizationSidebar.ts -> src/sidebar/LayerViewController.ts -> src/canvas/Canvas.ts
[32mcreated [1mdist/index.js[22m in [1m6.2s[22m[39m
[36m
[1msrc/index.ts[22m → [1mdist/index.d.ts[22m...[39m
[1m[33m(!) Generated an empty chunk[39m[22m
"index"
[32mcreated [1mdist/index.d.ts[22m in [1m1.3s[22m[39m

> page-builder@1.0.0 copy-assets
> npm run copy-icons && npm run copy-styles


> page-builder@1.0.0 copy-icons
> ncp ./src/icons ./dist/icons


> page-builder@1.0.0 copy-styles
> ncp ./src/styles ./dist/styles

